Looking for git in: git
Using git 2.17.1 from git
> git rev-parse --show-toplevel
> git rev-parse --git-dir
Open repository: /home/computer
> git status -z -u
> git check-ignore -v -z --stdin
> git add -A -- .
> git show :Desktop/Serenity-Escapes-Updated-Version/styles.css
warning: adding embedded git repository: Documents/GitHub/https-Serenity-Escapes
hint: You've added another git repository inside your current repository.
hint: Clones of the outer repository will not contain the contents of
hint: the embedded repository and will not know how to obtain it.
hint: If you meant to add a submodule, use:
hint: 
hint: 	git submodule add <url> Documents/GitHub/https-Serenity-Escapes
hint: 
hint: If you added this path by mistake, you can remove it from the
hint: index with:
hint: 
hint: 	git rm --cached Documents/GitHub/https-Serenity-Escapes
hint: 
hint: See "git help submodule" for more information.
warning: adding embedded git repository: git
warning: adding embedded git repository: https-Serenity-Escapes
warning: adding embedded git repository: newproject
> git show :Desktop/Serenity-Escapes-Updated-Version/styles.css
> git add -A -- .
